2025-05-02 20:06:33,526 [INFO] Activator:176 - 


2025-05-02 20:06:33,532 [INFO] Activator:177 - !SESSION log4j initialized
2025-05-02 20:06:39,730 [INFO] LogOutputStream:77 - [STDOUT_REDIRECT] 
2025-05-02 20:06:41,315 [INFO] ApplicationProperties:184 - Using Application install path: C:\ST\STM32CubeIDE_1.18.0\STM32CubeIDE\plugins\com.st.stm32cube.common.mx_6.14.1.202504091515
2025-05-02 20:06:41,341 [INFO] DbMcusXml:78 - Set database path to: C:\ST\STM32CubeIDE_1.18.0\STM32CubeIDE\plugins\com.st.stm32cube.common.mx_6.14.1.202504091515\\db\/mcu/
2025-05-02 20:06:41,341 [INFO] ApiDb:274 - Set plugin database path to: C:\ST\STM32CubeIDE_1.18.0\STM32CubeIDE\plugins\com.st.stm32cube.common.mx_6.14.1.202504091515\\db\/plugins/boardmanager/
2025-05-02 20:06:41,342 [WARN] ApiDb:259 - Overriding images path with different value:  => C:\ST\STM32CubeIDE_1.18.0\STM32CubeIDE\plugins\com.st.stm32cube.common.mx_6.14.1.202504091515\\db\/plugins/mcufinder/images/
2025-05-02 20:06:41,358 [INFO] ApiDb:250 - Set database path to: C:\Users\ThinkPad\.stmcufinder\plugins\mcufinder//mcu/
2025-05-02 20:06:41,359 [INFO] DbMcusAds:125 - Set database path to: C:\Users\ThinkPad\.stmcufinder\plugins\mcufinder//mcu/
2025-05-02 20:06:41,362 [INFO] CrossReferenceDbSqlite:203 - Set database path to: C:\Users\ThinkPad\.stmcufinder\plugins\mcufinder//mcu/cs/
2025-05-02 20:06:41,503 [INFO] RulesReader:64 - Compatibility file has been processed (302 Rules)
2025-05-02 20:06:41,590 [INFO] DbMcusXml:78 - Set database path to: C:\ST\STM32CubeIDE_1.18.0\STM32CubeIDE\plugins\com.st.stm32cube.common.mx_6.14.1.202504091515\\db\/mcu/
2025-05-02 20:06:41,590 [INFO] ApiDb:274 - Set plugin database path to: C:\ST\STM32CubeIDE_1.18.0\STM32CubeIDE\plugins\com.st.stm32cube.common.mx_6.14.1.202504091515\\db\/plugins/boardmanager/
2025-05-02 20:06:41,590 [INFO] ApiDb:261 - Set plugin images path to: C:\ST\STM32CubeIDE_1.18.0\STM32CubeIDE\plugins\com.st.stm32cube.common.mx_6.14.1.202504091515\\db\/plugins/mcufinder/images/
2025-05-02 20:06:41,591 [WARN] DbFile:41 - Overriding database path with different value: C:\Users\ThinkPad\.stmcufinder\plugins\mcufinder/ => C:\Users\ThinkPad\.stmcufinder\plugins\mcufinder
2025-05-02 20:06:41,591 [INFO] ApiDb:250 - Set database path to: C:\Users\ThinkPad\.stmcufinder\plugins\mcufinder//mcu/
2025-05-02 20:06:41,591 [WARN] DbFile:41 - Overriding database path with different value: C:\Users\ThinkPad\.stmcufinder\plugins\mcufinder/ => C:\Users\ThinkPad\.stmcufinder\plugins\mcufinder
2025-05-02 20:06:41,591 [INFO] DbMcusAds:125 - Set database path to: C:\Users\ThinkPad\.stmcufinder\plugins\mcufinder//mcu/
2025-05-02 20:06:41,591 [WARN] DbFile:41 - Overriding database path with different value: C:\Users\ThinkPad\.stmcufinder\plugins\mcufinder/ => C:\Users\ThinkPad\.stmcufinder\plugins\mcufinder
2025-05-02 20:06:41,591 [WARN] DbFile:41 - Overriding database path with different value: C:\Users\ThinkPad\.stmcufinder\plugins\mcufinder/ => C:\Users\ThinkPad\.stmcufinder\plugins\mcufinder
2025-05-02 20:06:41,591 [INFO] CrossReferenceDbSqlite:203 - Set database path to: C:\Users\ThinkPad\.stmcufinder\plugins\mcufinder//mcu/cs/
2025-05-02 20:06:41,708 [INFO] MainPanel:272 - HeapMemory: 268435456
2025-05-02 20:06:41,930 [INFO] DbMcusXml:78 - Set database path to: C:\ST\STM32CubeIDE_1.18.0\STM32CubeIDE\plugins\com.st.stm32cube.common.mx_6.14.1.202504091515\\db\/mcu/
2025-05-02 20:06:41,930 [INFO] ApiDb:274 - Set plugin database path to: C:\ST\STM32CubeIDE_1.18.0\STM32CubeIDE\plugins\com.st.stm32cube.common.mx_6.14.1.202504091515\\db\/plugins/boardmanager/
2025-05-02 20:06:41,931 [INFO] ApiDb:261 - Set plugin images path to: C:\ST\STM32CubeIDE_1.18.0\STM32CubeIDE\plugins\com.st.stm32cube.common.mx_6.14.1.202504091515\\db\/plugins/mcufinder/images/
2025-05-02 20:06:41,931 [WARN] DbFile:41 - Overriding database path with different value: C:\Users\ThinkPad\.stmcufinder\plugins\mcufinder/ => C:\Users\ThinkPad\.stmcufinder\plugins\mcufinder
2025-05-02 20:06:41,931 [INFO] ApiDb:250 - Set database path to: C:\Users\ThinkPad\.stmcufinder\plugins\mcufinder//mcu/
2025-05-02 20:06:41,933 [WARN] DbFile:41 - Overriding database path with different value: C:\Users\ThinkPad\.stmcufinder\plugins\mcufinder/ => C:\Users\ThinkPad\.stmcufinder\plugins\mcufinder
2025-05-02 20:06:41,933 [INFO] DbMcusAds:125 - Set database path to: C:\Users\ThinkPad\.stmcufinder\plugins\mcufinder//mcu/
2025-05-02 20:06:41,933 [WARN] DbFile:41 - Overriding database path with different value: C:\Users\ThinkPad\.stmcufinder\plugins\mcufinder/ => C:\Users\ThinkPad\.stmcufinder\plugins\mcufinder
2025-05-02 20:06:41,933 [WARN] DbFile:41 - Overriding database path with different value: C:\Users\ThinkPad\.stmcufinder\plugins\mcufinder/ => C:\Users\ThinkPad\.stmcufinder\plugins\mcufinder
2025-05-02 20:06:41,933 [INFO] CrossReferenceDbSqlite:203 - Set database path to: C:\Users\ThinkPad\.stmcufinder\plugins\mcufinder//mcu/cs/
2025-05-02 20:06:41,965 [INFO] ApplicationProperties:184 - Using Application install path: C:\ST\STM32CubeIDE_1.18.0\STM32CubeIDE\plugins\com.st.stm32cube.common.mx_6.14.1.202504091515
2025-05-02 20:06:41,968 [INFO] PluginManage:196 - Search for loadable plugins [exclusion list=, ]
2025-05-02 20:06:41,970 [INFO] PluginManage:310 - Check plugin analytics
2025-05-02 20:06:42,264 [INFO] AnalyticsPlugin:253 - Accepted Software Licenses: 
2025-05-02 20:06:42,265 [INFO] AnalyticsPlugin:255 - Accepted CMSIS Pack Licenses: 
2025-05-02 20:06:42,266 [INFO] AnalyticsPlugin:257 - Accepted Firmware Licenses: FW.F7.1.17.0
2025-05-02 20:06:42,269 [INFO] PluginManage:359 - Loaded plugin analytics (category:tool,tabindex:-1)
2025-05-02 20:06:42,270 [INFO] PluginManage:310 - Check plugin cadmodel
2025-05-02 20:06:42,275 [INFO] CADModel:105 - Init CAD model plugin
2025-05-02 20:06:42,276 [INFO] PluginManage:359 - Loaded plugin cadmodel (category:power,tabindex:5)
2025-05-02 20:06:42,276 [INFO] PluginManage:310 - Check plugin clock
2025-05-02 20:06:42,288 [INFO] PluginManage:359 - Loaded plugin clock (category:base,tabindex:2)
2025-05-02 20:06:42,288 [INFO] PluginManage:310 - Check plugin ddr
2025-05-02 20:06:42,291 [INFO] PluginManage:359 - Loaded plugin ddr (category:tool,tabindex:6)
2025-05-02 20:06:42,291 [INFO] PluginManage:310 - Check plugin filemanager
2025-05-02 20:06:42,469 [INFO] PluginManage:359 - Loaded plugin filemanager (category:base,tabindex:10)
2025-05-02 20:06:42,469 [INFO] PluginManage:310 - Check plugin ipmanager
2025-05-02 20:06:42,478 [INFO] PluginManage:359 - Loaded plugin ipmanager (category:base,tabindex:5)
2025-05-02 20:06:42,478 [INFO] PluginManage:310 - Check plugin lpbam
2025-05-02 20:06:42,490 [INFO] PluginManage:359 - Loaded plugin lpbam (category:base,tabindex:0)
2025-05-02 20:06:42,490 [INFO] PluginManage:310 - Check plugin memorymap
2025-05-02 20:06:42,506 [INFO] PluginManage:359 - Loaded plugin memorymap (category:base,tabindex:4)
2025-05-02 20:06:42,507 [INFO] PluginManage:310 - Check plugin pinoutandconfiguration
2025-05-02 20:06:42,519 [INFO] PluginManage:359 - Loaded plugin pinoutandconfiguration (category:base,tabindex:1)
2025-05-02 20:06:42,520 [INFO] PluginManage:310 - Check plugin pinoutconfig
2025-05-02 20:06:42,626 [WARN] SupportedApi:132 - Cannot load RTOS API schema: s4s-elt-must-match.1: The content of 'definitions' must match (annotation?, (simpleType | complexType)?, (unique | key | keyref)*)). A problem was found starting at: attribute.
2025-05-02 20:06:42,789 [INFO] PluginManage:359 - Loaded plugin pinoutconfig (category:base,tabindex:0)
2025-05-02 20:06:42,789 [INFO] PluginManage:310 - Check plugin power
2025-05-02 20:06:42,803 [INFO] PluginManage:359 - Loaded plugin power (category:power,tabindex:4)
2025-05-02 20:06:42,803 [INFO] PluginManage:310 - Check plugin projectmanager
2025-05-02 20:06:42,819 [INFO] PluginManage:359 - Loaded plugin projectmanager (category:projectmanager,tabindex:4)
2025-05-02 20:06:42,819 [INFO] PluginManage:310 - Check plugin rif
2025-05-02 20:06:42,828 [INFO] PluginManage:359 - Loaded plugin rif (category:base,tabindex:3)
2025-05-02 20:06:42,828 [INFO] PluginManage:310 - Check plugin thirdparty
2025-05-02 20:06:42,993 [INFO] PluginManage:359 - Loaded plugin thirdparty (category:base,tabindex:-1)
2025-05-02 20:06:42,993 [INFO] PluginManage:310 - Check plugin tools
2025-05-02 20:06:42,993 [WARN] IntegrityCheckThread:84 - waiting for thirdparty lock release [integrity check]
2025-05-02 20:06:42,993 [INFO] IntegrityCheckThread:86 - entering critical section [integrity check]
2025-05-02 20:06:42,994 [INFO] ThirdPartyUpdaterWithRetryManager:70 - Updater plugin not ready yet. [1/15]
2025-05-02 20:06:42,996 [INFO] PluginManage:359 - Loaded plugin tools (category:base,tabindex:7)
2025-05-02 20:06:42,997 [INFO] PluginManage:310 - Check plugin tutovideos
2025-05-02 20:06:43,237 [INFO] PluginManage:359 - Loaded plugin tutovideos (category:base,tabindex:-1)
2025-05-02 20:06:43,237 [INFO] PluginManage:310 - Check plugin updater
2025-05-02 20:06:43,261 [INFO] PluginManage:359 - Loaded plugin updater (category:base,tabindex:12)
2025-05-02 20:06:43,261 [INFO] PluginManage:310 - Check plugin userauth
2025-05-02 20:06:43,268 [INFO] UserAuth:118 - Init User Auth plugin
2025-05-02 20:06:43,269 [INFO] PluginManage:359 - Loaded plugin userauth (category:base,tabindex:14)
2025-05-02 20:06:43,270 [INFO] PluginManage:283 - PluginManage : Loaded plugins [18]
2025-05-02 20:06:43,521 [INFO] PinOutPanel:1589 - setPackage(No Configuration,No Configuration)
2025-05-02 20:06:43,619 [INFO] CADModel:165 - CPN selected for project level
2025-05-02 20:06:43,619 [INFO] CADModel:114 - Register for checkConnection events
2025-05-02 20:06:43,642 [INFO] IPUIPlugin:80 - create IPUIPlugin
2025-05-02 20:06:43,643 [INFO] PluginManager:220 - loadIPPluginJar : add adc
2025-05-02 20:06:43,648 [INFO] IPUIPlugin:80 - create IPUIPlugin
2025-05-02 20:06:43,648 [INFO] PluginManager:220 - loadIPPluginJar : add aes
2025-05-02 20:06:43,653 [INFO] IPUIPlugin:80 - create IPUIPlugin
2025-05-02 20:06:43,653 [INFO] PluginManager:220 - loadIPPluginJar : add can
2025-05-02 20:06:43,655 [INFO] IPUIPlugin:80 - create IPUIPlugin
2025-05-02 20:06:43,655 [INFO] PluginManager:220 - loadIPPluginJar : add comp
2025-05-02 20:06:43,658 [INFO] IPUIPlugin:80 - create IPUIPlugin
2025-05-02 20:06:43,659 [INFO] PluginManager:220 - loadIPPluginJar : add cryp
2025-05-02 20:06:43,662 [INFO] IPUIPlugin:80 - create IPUIPlugin
2025-05-02 20:06:43,662 [INFO] PluginManager:220 - loadIPPluginJar : add ddr_ctrl_phy
2025-05-02 20:06:43,666 [INFO] IPUIPlugin:80 - create IPUIPlugin
2025-05-02 20:06:43,666 [INFO] PluginManager:220 - loadIPPluginJar : add dfsdm
2025-05-02 20:06:43,672 [INFO] IPUIPlugin:80 - create IPUIPlugin
2025-05-02 20:06:43,673 [INFO] PluginManager:220 - loadIPPluginJar : add dma
2025-05-02 20:06:43,678 [INFO] IPUIPlugin:80 - create IPUIPlugin
2025-05-02 20:06:43,678 [INFO] PluginManager:220 - loadIPPluginJar : add dma3
2025-05-02 20:06:43,683 [INFO] IPUIPlugin:80 - create IPUIPlugin
2025-05-02 20:06:43,683 [INFO] PluginManager:220 - loadIPPluginJar : add extmemmanager
2025-05-02 20:06:43,685 [INFO] IPUIPlugin:80 - create IPUIPlugin
2025-05-02 20:06:43,685 [INFO] PluginManager:220 - loadIPPluginJar : add fatfs
2025-05-02 20:06:43,691 [INFO] IPUIPlugin:80 - create IPUIPlugin
2025-05-02 20:06:43,691 [INFO] PluginManager:220 - loadIPPluginJar : add fmc
2025-05-02 20:06:43,701 [INFO] IPUIPlugin:80 - create IPUIPlugin
2025-05-02 20:06:43,701 [INFO] PluginManager:220 - loadIPPluginJar : add freertos
2025-05-02 20:06:43,703 [INFO] IPUIPlugin:80 - create IPUIPlugin
2025-05-02 20:06:43,703 [INFO] PluginManager:220 - loadIPPluginJar : add genericplugin
2025-05-02 20:06:43,705 [INFO] IPUIPlugin:80 - create IPUIPlugin
2025-05-02 20:06:43,705 [INFO] PluginManager:220 - loadIPPluginJar : add gfxmmu
2025-05-02 20:06:43,710 [INFO] IPUIPlugin:80 - create IPUIPlugin
2025-05-02 20:06:43,710 [INFO] PluginManager:220 - loadIPPluginJar : add gic
2025-05-02 20:06:43,715 [INFO] IPUIPlugin:80 - create IPUIPlugin
2025-05-02 20:06:43,717 [INFO] PluginManager:220 - loadIPPluginJar : add gpio
2025-05-02 20:06:43,719 [INFO] IPUIPlugin:80 - create IPUIPlugin
2025-05-02 20:06:43,719 [INFO] PluginManager:220 - loadIPPluginJar : add gtzc
2025-05-02 20:06:43,721 [INFO] IPUIPlugin:80 - create IPUIPlugin
2025-05-02 20:06:43,721 [INFO] PluginManager:220 - loadIPPluginJar : add hash
2025-05-02 20:06:43,724 [INFO] IPUIPlugin:80 - create IPUIPlugin
2025-05-02 20:06:43,724 [INFO] PluginManager:220 - loadIPPluginJar : add i2c
2025-05-02 20:06:43,727 [INFO] IPUIPlugin:80 - create IPUIPlugin
2025-05-02 20:06:43,727 [INFO] PluginManager:220 - loadIPPluginJar : add i2s
2025-05-02 20:06:43,731 [INFO] IPUIPlugin:80 - create IPUIPlugin
2025-05-02 20:06:43,731 [INFO] PluginManager:220 - loadIPPluginJar : add i3c
2025-05-02 20:06:43,735 [INFO] IPUIPlugin:80 - create IPUIPlugin
2025-05-02 20:06:43,735 [INFO] PluginManager:220 - loadIPPluginJar : add ipddr
2025-05-02 20:06:43,746 [INFO] IPUIPlugin:80 - create IPUIPlugin
2025-05-02 20:06:43,747 [INFO] PluginManager:220 - loadIPPluginJar : add linkedlist
2025-05-02 20:06:43,751 [INFO] IPUIPlugin:80 - create IPUIPlugin
2025-05-02 20:06:43,751 [INFO] PluginManager:220 - loadIPPluginJar : add lorawan
2025-05-02 20:06:43,753 [INFO] IPUIPlugin:80 - create IPUIPlugin
2025-05-02 20:06:43,753 [INFO] PluginManager:220 - loadIPPluginJar : add ltdc
2025-05-02 20:06:43,759 [INFO] IPUIPlugin:80 - create IPUIPlugin
2025-05-02 20:06:43,760 [INFO] PluginManager:220 - loadIPPluginJar : add mdma
2025-05-02 20:06:43,765 [INFO] IPUIPlugin:80 - create IPUIPlugin
2025-05-02 20:06:43,765 [INFO] PluginManager:220 - loadIPPluginJar : add nvic
2025-05-02 20:06:43,770 [INFO] IPUIPlugin:80 - create IPUIPlugin
2025-05-02 20:06:43,770 [INFO] PluginManager:220 - loadIPPluginJar : add opamp
2025-05-02 20:06:43,773 [INFO] IPUIPlugin:80 - create IPUIPlugin
2025-05-02 20:06:43,774 [INFO] PluginManager:220 - loadIPPluginJar : add openamp
2025-05-02 20:06:43,776 [INFO] IPUIPlugin:80 - create IPUIPlugin
2025-05-02 20:06:43,777 [INFO] PluginManager:220 - loadIPPluginJar : add pdm2pcm
2025-05-02 20:06:43,785 [INFO] IPUIPlugin:80 - create IPUIPlugin
2025-05-02 20:06:43,788 [INFO] PluginManager:220 - loadIPPluginJar : add plateformsettings
2025-05-02 20:06:43,790 [INFO] IPUIPlugin:80 - create IPUIPlugin
2025-05-02 20:06:43,790 [INFO] PluginManager:220 - loadIPPluginJar : add quadspi
2025-05-02 20:06:43,793 [INFO] IPUIPlugin:80 - create IPUIPlugin
2025-05-02 20:06:43,797 [INFO] PluginManager:220 - loadIPPluginJar : add radio
2025-05-02 20:06:43,804 [INFO] IPUIPlugin:80 - create IPUIPlugin
2025-05-02 20:06:43,804 [INFO] PluginManager:220 - loadIPPluginJar : add resmgrutility
2025-05-02 20:06:43,807 [INFO] IPUIPlugin:80 - create IPUIPlugin
2025-05-02 20:06:43,808 [INFO] PluginManager:220 - loadIPPluginJar : add sai
2025-05-02 20:06:43,811 [INFO] IPUIPlugin:80 - create IPUIPlugin
2025-05-02 20:06:43,811 [INFO] PluginManager:220 - loadIPPluginJar : add spi
2025-05-02 20:06:43,818 [INFO] IPUIPlugin:80 - create IPUIPlugin
2025-05-02 20:06:43,818 [INFO] PluginManager:220 - loadIPPluginJar : add stm32_wpan
2025-05-02 20:06:43,822 [INFO] IPUIPlugin:80 - create IPUIPlugin
2025-05-02 20:06:43,822 [INFO] PluginManager:220 - loadIPPluginJar : add tim
2025-05-02 20:06:43,828 [INFO] IPUIPlugin:80 - create IPUIPlugin
2025-05-02 20:06:43,829 [INFO] PluginManager:220 - loadIPPluginJar : add touchsensing
2025-05-02 20:06:43,835 [INFO] IPUIPlugin:80 - create IPUIPlugin
2025-05-02 20:06:43,835 [INFO] PluginManager:220 - loadIPPluginJar : add tracer_emb
2025-05-02 20:06:43,838 [INFO] IPUIPlugin:80 - create IPUIPlugin
2025-05-02 20:06:43,838 [INFO] PluginManager:220 - loadIPPluginJar : add ts
2025-05-02 20:06:43,840 [INFO] IPUIPlugin:80 - create IPUIPlugin
2025-05-02 20:06:43,840 [INFO] PluginManager:220 - loadIPPluginJar : add tsc
2025-05-02 20:06:43,843 [INFO] IPUIPlugin:80 - create IPUIPlugin
2025-05-02 20:06:43,843 [INFO] PluginManager:220 - loadIPPluginJar : add ucpd
2025-05-02 20:06:43,847 [INFO] IPUIPlugin:80 - create IPUIPlugin
2025-05-02 20:06:43,848 [INFO] PluginManager:220 - loadIPPluginJar : add usart
2025-05-02 20:06:43,852 [INFO] IPUIPlugin:80 - create IPUIPlugin
2025-05-02 20:06:43,853 [INFO] PluginManager:220 - loadIPPluginJar : add usbx
2025-05-02 20:06:43,998 [FATAL] Updater:351 - Updater called before beeing initialized
2025-05-02 20:06:44,033 [INFO] RulesReader:64 - Compatibility file has been processed (302 Rules)
2025-05-02 20:06:44,047 [INFO] RulesReader:64 - Compatibility file has been processed (302 Rules)
2025-05-02 20:06:44,055 [INFO] CADModel:165 - CPN selected for project level
2025-05-02 20:06:44,055 [INFO] CADModel:114 - Register for checkConnection events
2025-05-02 20:06:44,055 [FATAL] Updater:351 - Updater called before beeing initialized
2025-05-02 20:06:44,055 [ERROR] CADModel:125 - Updater not yet initialized, retry later 
2025-05-02 20:06:44,273 [FATAL] Updater:351 - Updater called before beeing initialized
2025-05-02 20:06:44,275 [INFO] CADModel:165 - CPN selected for project level
2025-05-02 20:06:44,275 [INFO] CADModel:114 - Register for checkConnection events
2025-05-02 20:06:44,275 [FATAL] Updater:351 - Updater called before beeing initialized
2025-05-02 20:06:44,276 [ERROR] CADModel:125 - Updater not yet initialized, retry later 
2025-05-02 20:06:44,281 [FATAL] Updater:351 - Updater called before beeing initialized
2025-05-02 20:06:44,408 [FATAL] Updater:351 - Updater called before beeing initialized
2025-05-02 20:06:44,414 [INFO] DbMcusAds:53 - JSON generation date=Thu Mar 06 15:54:22 CET 2025 (1741272862204)
2025-05-02 20:06:44,414 [FATAL] Updater:351 - Updater called before beeing initialized
2025-05-02 20:06:44,479 [WARN] DetailPanel:346 - Failed to get advertising image, set to default
2025-05-02 20:06:45,277 [FATAL] Updater:351 - Updater called before beeing initialized
2025-05-02 20:06:45,285 [FATAL] Updater:351 - Updater called before beeing initialized
2025-05-02 20:06:45,285 [FATAL] Updater:351 - Updater called before beeing initialized
2025-05-02 20:06:45,285 [WARN] DetailPanel:346 - Failed to get advertising image, set to default
2025-05-02 20:06:45,290 [FATAL] Updater:351 - Updater called before beeing initialized
2025-05-02 20:06:45,429 [ERROR] Updater:1198 - MainUpdater not yet initialized. External WinMGr cannot be set.
2025-05-02 20:06:45,432 [INFO] Updater:1134 - Updater Version found : 6.14.1
2025-05-02 20:06:45,488 [INFO] ApplicationProperties:184 - Using Application install path: C:\ST\STM32CubeIDE_1.18.0\STM32CubeIDE\plugins\com.st.stm32cube.common.mx_6.14.1.202504091515
2025-05-02 20:06:45,998 [INFO] ThirdPartyUpdaterWithRetryManager:70 - Updater plugin not ready yet. [2/15]
2025-05-02 20:06:47,141 [ERROR] LogOutputStream:75 - [STDERR_REDIRECT] May 02, 2025 8:06:47 PM java.util.prefs.WindowsPreferences <init>
2025-05-02 20:06:47,143 [ERROR] LogOutputStream:75 - [STDERR_REDIRECT] WARNING: Could not open/create prefs root node Software\JavaSoft\Prefs at root 0xffffffff80000002. Windows RegCreateKeyEx(...) returned error code 5.
2025-05-02 20:06:47,143 [ERROR] LogOutputStream:75 - [STDERR_REDIRECT] 
2025-05-02 20:06:47,792 [INFO] MainUpdater:2872 - connection check result : 10
2025-05-02 20:06:47,793 [INFO] MainUpdater:289 - Updater Check For Update Now.
2025-05-02 20:06:47,793 [INFO] MicroXplorer:498 - Change Database Version : DB.6.0.141
2025-05-02 20:06:47,807 [INFO] McuFinderGlobals:63 - Set McuFinder mode to 2 (CubeIDE integrated)
2025-05-02 20:06:47,808 [INFO] UserAuth:171 - activating auth plugin
2025-05-02 20:06:47,810 [INFO] UserAuth:484 - Internet connection configuration mode: 1
2025-05-02 20:06:47,859 [INFO] JxBrowserEngine:152 - Initiate JxBrowser Engine with user profile folder
2025-05-02 20:06:48,123 [INFO] CheckServerUpdateThread:120 - End of CheckServer Thread
2025-05-02 20:06:49,419 [INFO] WebApp:169 - Instantiating new browser for Auth
2025-05-02 20:06:49,522 [WARN] PackLoader:240 - Cannot read IP mode file for STMicroelectronics.FP-SNS-MOTENVWB1.1.4.0
2025-05-02 20:06:49,538 [WARN] PackLoader:240 - Cannot read IP mode file for STMicroelectronics.FP-ATR-ASTRA1.2.0.2
2025-05-02 20:06:49,557 [WARN] PackLoader:240 - Cannot read IP mode file for STMicroelectronics.X-CUBE-SMBUS.2.1.0
2025-05-02 20:06:49,572 [WARN] PackLoader:240 - Cannot read IP mode file for STMicroelectronics.X-CUBE-WB05N.1.1.0
2025-05-02 20:06:49,638 [WARN] PackLoader:240 - Cannot read IP mode file for STMicroelectronics.X-CUBE-AZRTOS-F7.1.1.0
2025-05-02 20:06:49,661 [WARN] PackLoader:240 - Cannot read IP mode file for STMicroelectronics.FP-SNS-FLIGHT1.5.0.2
2025-05-02 20:06:49,738 [WARN] PackLoader:240 - Cannot read IP mode file for Infineon.AIROC-Wi-Fi-Bluetooth-STM32.1.7.0
2025-05-02 20:06:49,769 [WARN] PackLoader:240 - Cannot read IP mode file for STMicroelectronics.X-CUBE-DISPLAY.3.0.0
2025-05-02 20:06:49,799 [WARN] PackLoader:240 - Cannot read IP mode file for STMicroelectronics.X-CUBE-NFC10.1.0.0
2025-05-02 20:06:49,827 [WARN] PackLoader:240 - Cannot read IP mode file for STMicroelectronics.X-CUBE-BLEMGR.4.0.0
2025-05-02 20:06:49,841 [WARN] PackLoader:240 - Cannot read IP mode file for emotas.I-CUBE-CANOPEN.1.3.0
2025-05-02 20:06:49,858 [WARN] ConditionMgr:438 - getConditionDescription Invalid condition id : Cortex-A Device cause : null
2025-05-02 20:06:49,887 [WARN] ConditionMgr:1044 - genDependencies : Invalid condition id : Cortex-A Device cause : null
2025-05-02 20:06:49,888 [WARN] ConditionMgr:1044 - genDependencies : Invalid condition id : Cortex-A Device cause : null
2025-05-02 20:06:49,888 [WARN] ConditionMgr:1044 - genDependencies : Invalid condition id : Cortex-A Device cause : null
2025-05-02 20:06:49,898 [WARN] PackLoader:240 - Cannot read IP mode file for STMicroelectronics.X-CUBE-AI.10.0.0
2025-05-02 20:06:49,909 [WARN] PackLoader:240 - Cannot read IP mode file for STMicroelectronics.FP-SNS-SMARTAG2.1.2.0
2025-05-02 20:06:49,918 [WARN] PackLoader:240 - Cannot read IP mode file for STMicroelectronics.FP-SNS-FLIGHT1.5.1.0
2025-05-02 20:06:50,088 [WARN] PackLoader:240 - Cannot read IP mode file for STMicroelectronics.X-CUBE-MEMS1.11.1.0
2025-05-02 20:06:51,127 [INFO] LogOutputStream:77 - [STDOUT_REDIRECT] 1 : Invalid condition id : UX_CORESTACK_Condition cause : null
2025-05-02 20:06:51,128 [INFO] LogOutputStream:77 - [STDOUT_REDIRECT] 1 : Invalid condition id : UX_CORESTACK_Condition cause : null
2025-05-02 20:06:51,131 [INFO] LogOutputStream:77 - [STDOUT_REDIRECT] 1 : Invalid condition id : UX_CORESTACK_Condition cause : null
2025-05-02 20:06:51,135 [INFO] LogOutputStream:77 - [STDOUT_REDIRECT] 1 : Invalid condition id : UX_CORESTACK_Condition cause : null
2025-05-02 20:06:51,135 [INFO] LogOutputStream:77 - [STDOUT_REDIRECT] 1 : Invalid condition id : UX_CORESTACK_Condition cause : null
2025-05-02 20:06:51,142 [WARN] PackLoader:240 - Cannot read IP mode file for STMicroelectronics.X-CUBE-AZRTOS-WL.2.0.0
2025-05-02 20:06:51,150 [WARN] PackLoader:240 - Cannot read IP mode file for STMicroelectronics.FP-SNS-MOTENV1.5.0.0
2025-05-02 20:06:51,169 [WARN] PackLoader:240 - Cannot read IP mode file for WES.I-CUBE-Cesium.1.3.0
2025-05-02 20:06:51,180 [WARN] PackLoader:240 - Cannot read IP mode file for STMicroelectronics.X-CUBE-BLE2.3.3.0
2025-05-02 20:06:51,193 [WARN] PackLoader:240 - Cannot read IP mode file for STMicroelectronics.X-CUBE-NFC9.1.0.0
2025-05-02 20:06:51,207 [WARN] PackLoader:240 - Cannot read IP mode file for STMicroelectronics.X-CUBE-BLE1.7.1.0
2025-05-02 20:06:51,213 [WARN] PackLoader:240 - Cannot read IP mode file for wolfSSL.I-CUBE-wolfMQTT.1.19.2
2025-05-02 20:06:51,360 [WARN] PackLoader:240 - Cannot read IP mode file for STMicroelectronics.X-CUBE-MEMS1.11.2.0
2025-05-02 20:06:51,532 [INFO] WebApp:463 - Apply proxy settings
2025-05-02 20:06:51,532 [INFO] WebApp:548 - Chromium requires no authentication
2025-05-02 20:06:51,570 [INFO] WebApp:491 - Direct internet connection detected
2025-05-02 20:06:51,673 [INFO] WebApp:894 - Register for checkConnection events
2025-05-02 20:06:51,673 [INFO] WebApp:463 - Apply proxy settings
2025-05-02 20:06:51,673 [INFO] WebApp:548 - Chromium requires no authentication
2025-05-02 20:06:51,673 [INFO] WebApp:491 - Direct internet connection detected
2025-05-02 20:06:51,689 [WARN] PackLoader:240 - Cannot read IP mode file for STMicroelectronics.X-CUBE-AZRTOS-G0.1.1.0
2025-05-02 20:06:51,712 [WARN] PackLoader:240 - Cannot read IP mode file for STMicroelectronics.X-CUBE-SAFEA1.1.2.2
2025-05-02 20:06:51,728 [WARN] PackLoader:240 - Cannot read IP mode file for STMicroelectronics.X-CUBE-NFC4.3.0.0
2025-05-02 20:06:51,757 [WARN] PackLoader:240 - Cannot read IP mode file for EmbeddedOffice.I-CUBE-FS-RTOS.1.0.1
2025-05-02 20:06:51,768 [WARN] PackLoader:240 - Cannot read IP mode file for STMicroelectronics.X-CUBE-WB05N.2.0.0
2025-05-02 20:06:51,778 [WARN] PackLoader:240 - Cannot read IP mode file for wolfSSL.I-CUBE-wolfTPM.3.8.0
2025-05-02 20:06:51,789 [WARN] PackLoader:240 - Cannot read IP mode file for STMicroelectronics.X-CUBE-TCPP.4.2.0
2025-05-02 20:06:51,804 [WARN] PackLoader:240 - Cannot read IP mode file for RealThread.X-CUBE-RT-Thread_Nano.4.1.1
2025-05-02 20:06:51,818 [WARN] PackLoader:240 - Cannot read IP mode file for STMicroelectronics.FP-ATR-SIGFOX1.3.2.0
2025-05-02 20:06:51,828 [WARN] PackLoader:240 - Cannot read IP mode file for STMicroelectronics.X-CUBE-EEPRMA1.5.1.0
2025-05-02 20:06:51,840 [WARN] PackLoader:240 - Cannot read IP mode file for wolfSSL.I-CUBE-wolfSSL.5.7.6
2025-05-02 20:06:51,852 [WARN] PackLoader:240 - Cannot read IP mode file for ITTIA_DB.I-CUBE-ITTIADB.8.9.0
2025-05-02 20:06:51,860 [INFO] WebApp:191 - Connection restablished
2025-05-02 20:06:51,916 [WARN] PackLoader:240 - Cannot read IP mode file for SEGGER.I-CUBE-embOS.1.3.1
2025-05-02 20:06:51,992 [WARN] PackLoader:240 - Cannot read IP mode file for STMicroelectronics.X-CUBE-ALGOBUILD.1.4.0
2025-05-02 20:06:52,030 [WARN] PackLoader:240 - Cannot read IP mode file for STMicroelectronics.X-CUBE-AZRTOS-F4.1.1.0
2025-05-02 20:06:52,042 [WARN] PackLoader:240 - Cannot read IP mode file for Avnet-IotConnect.X-CUBE-IoTC-DA16k-PMOD.1.0.0
2025-05-02 20:06:52,052 [WARN] PackLoader:240 - Cannot read IP mode file for STMicroelectronics.X-CUBE-ISPU.2.1.0
2025-05-02 20:06:52,099 [WARN] PackLoader:240 - Cannot read IP mode file for STMicroelectronics.X-CUBE-AZRTOS-L5.2.0.0
2025-05-02 20:06:52,139 [WARN] PackLoader:240 - Cannot read IP mode file for STMicroelectronics.X-CUBE-NFC6.3.1.0
2025-05-02 20:06:52,210 [WARN] PackLoader:240 - Cannot read IP mode file for STMicroelectronics.X-CUBE-DPower.1.2.0
2025-05-02 20:06:52,229 [WARN] PackLoader:240 - Cannot read IP mode file for STMicroelectronics.X-CUBE-FREERTOS.1.3.0
2025-05-02 20:06:52,252 [WARN] PackLoader:240 - Cannot read IP mode file for STMicroelectronics.X-CUBE-NFC7.1.0.1
2025-05-02 20:06:52,260 [WARN] PackLoader:240 - Cannot read IP mode file for STMicroelectronics.X-CUBE-DPower.1.3.0
2025-05-02 20:06:52,309 [WARN] ConditionMgr:438 - getConditionDescription Invalid condition id : LAN8742 Phy interface Condition cause : null
2025-05-02 20:06:52,317 [WARN] PackLoader:240 - Cannot read IP mode file for STMicroelectronics.X-CUBE-AZRTOS-L4.2.0.0
2025-05-02 20:06:52,318 [WARN] ConditionMgr:1044 - genDependencies : Invalid condition id : LAN8742 Phy interface Condition cause : null
2025-05-02 20:06:52,318 [WARN] ConditionMgr:1044 - genDependencies : Invalid condition id : LAN8742 Phy interface Condition cause : null
2025-05-02 20:06:52,318 [WARN] ConditionMgr:1044 - genDependencies : Invalid condition id : LAN8742 Phy interface Condition cause : null
2025-05-02 20:06:52,371 [WARN] PackLoader:240 - Cannot read IP mode file for STMicroelectronics.X-CUBE-SFXS2LP1.4.0.0
2025-05-02 20:06:52,428 [WARN] PackLoader:240 - Cannot read IP mode file for STMicroelectronics.X-CUBE-AZRTOS-H7.3.3.0
2025-05-02 20:06:52,447 [INFO] WebApp:225 - Starting web application
2025-05-02 20:06:52,447 [INFO] WebApp:593 - Web application path used C:\ST\STM32CubeIDE_1.18.0\STM32CubeIDE\plugins\com.st.stm32cube.common.mx_6.14.1.202504091515\db\plugins\mcufinder\reactClient1\index.html
2025-05-02 20:06:52,464 [WARN] ConditionMgr:438 - getConditionDescription Invalid condition id : UX DEVICE CLASS RTOS Condition cause : null
2025-05-02 20:06:52,465 [WARN] ConditionMgr:438 - getConditionDescription Invalid condition id : UX DEVICE CLASS RTOS Condition cause : null
2025-05-02 20:06:52,468 [WARN] PackLoader:240 - Cannot read IP mode file for STMicroelectronics.X-CUBE-AZRTOS-WB.2.0.0
2025-05-02 20:06:52,469 [WARN] ConditionMgr:1044 - genDependencies : Invalid condition id : UX DEVICE CLASS RTOS Condition cause : null
2025-05-02 20:06:52,469 [WARN] ConditionMgr:1044 - genDependencies : Invalid condition id : UX DEVICE CLASS RTOS Condition cause : null
2025-05-02 20:06:52,469 [WARN] ConditionMgr:1044 - genDependencies : Invalid condition id : UX DEVICE CLASS RTOS Condition cause : null
2025-05-02 20:06:52,469 [WARN] ConditionMgr:1044 - genDependencies : Invalid condition id : UX DEVICE CLASS RTOS Condition cause : null
2025-05-02 20:06:52,469 [WARN] ConditionMgr:1044 - genDependencies : Invalid condition id : UX DEVICE CLASS RTOS Condition cause : null
2025-05-02 20:06:52,481 [WARN] PackLoader:240 - Cannot read IP mode file for STMicroelectronics.X-CUBE-GNSS1.7.0.1
2025-05-02 20:06:52,489 [WARN] PackLoader:240 - Cannot read IP mode file for STMicroelectronics.X-CUBE-TOUCHGFX.4.25.0
2025-05-02 20:06:52,504 [WARN] PackLoader:240 - Cannot read IP mode file for STMicroelectronics.FP-SNS-STBOX1.2.0.0
2025-05-02 20:06:52,521 [WARN] PackLoader:240 - Cannot read IP mode file for STMicroelectronics.X-CUBE-SUBG2.5.0.0
2025-05-02 20:06:52,563 [WARN] PackLoader:240 - Cannot read IP mode file for STMicroelectronics.X-CUBE-AZRTOS-H7RS.1.1.0
2025-05-02 20:06:52,571 [WARN] PackLoader:240 - Cannot read IP mode file for Cesanta.I-CUBE-Mongoose.7.13.0
2025-05-02 20:06:52,598 [WARN] PackLoader:240 - Cannot read IP mode file for STMicroelectronics.X-CUBE-AZRTOS-G4.2.0.0
2025-05-02 20:06:52,608 [WARN] PackLoader:240 - Cannot read IP mode file for wolfSSL.I-CUBE-wolfSSH.1.4.20
2025-05-02 20:06:52,610 [WARN] PackLoader:240 - Cannot read IP mode file for STMicroelectronics.X-CUBE-NFC7.2.0.0
2025-05-02 20:06:52,633 [WARN] PackLoader:240 - Cannot read IP mode file for STMicroelectronics.X-CUBE-IPS.3.1.0
2025-05-02 20:06:52,652 [WARN] PackLoader:240 - Cannot read IP mode file for STMicroelectronics.X-CUBE-ALS.1.0.2
2025-05-02 20:06:52,665 [WARN] PackLoader:240 - Cannot read IP mode file for portGmbH.I-Cube-SoM-uGOAL.1.1.0
2025-05-02 20:06:52,699 [WARN] PackLoader:240 - Cannot read IP mode file for STMicroelectronics.X-CUBE-AZRTOS-H7RS.1.0.0
2025-05-02 20:06:52,730 [WARN] PackLoader:240 - Cannot read IP mode file for STMicroelectronics.X-CUBE-TOF1.3.4.2
2025-05-02 20:06:52,777 [WARN] PackLoader:240 - Cannot read IP mode file for STMicroelectronics.X-CUBE-TOF1.3.4.3
2025-05-02 20:06:52,822 [INFO] ThirdParty:978 - Integrity check success = true
2025-05-02 20:06:52,822 [INFO] IntegrityCheckThread:100 - exiting critical section [integrity check]
2025-05-02 20:06:52,822 [INFO] IntegrityCheckThread:103 - End integrity checks thread
2025-05-02 20:38:49,228 [INFO] WebApp:194 - Connection lost
2025-05-02 20:39:56,858 [INFO] WebApp:191 - Connection restablished
2025-05-02 20:39:59,843 [INFO] WebApp:194 - Connection lost
2025-05-02 20:40:00,035 [INFO] WebApp:191 - Connection restablished
2025-05-02 20:40:12,224 [INFO] WebApp:194 - Connection lost
2025-05-02 20:41:23,169 [INFO] WebApp:191 - Connection restablished
2025-05-02 21:01:25,580 [ERROR] LogOutputStream:75 - [STDERR_REDIRECT] 
